CRITICAL - 2022-06-07 21:55:40 --> syntax error, unexpected token "/", expecting "," or ";"
#0 C:\xampp\htdocs\myproject\system\Router\Router.php(175): CodeIgniter\Router\Router->autoRoute('about')
#1 C:\xampp\htdocs\myproject\system\CodeIgniter.php(726): CodeIgniter\Router\Router->handle('about')
#2 C:\xampp\htdocs\myproject\system\CodeIgniter.php(368): CodeIgniter\CodeIgniter->tryToRouteIt(Object(CodeIgniter\Router\RouteCollection))
#3 C:\xampp\htdocs\myproject\system\CodeIgniter.php(326): CodeIgniter\CodeIgniter->handleRequest(NULL, Object(Config\Cache), false)
#4 C:\xampp\htdocs\myproject\public\index.php(37): CodeIgniter\CodeIgniter->run()
#5 C:\xampp\htdocs\myproject\system\Commands\Server\rewrite.php(43): require_once('C:\\xampp\\htdocs...')
#6 {main}
CRITICAL - 2022-06-07 21:55:44 --> syntax error, unexpected token "/", expecting "," or ";"
#0 C:\xampp\htdocs\myproject\system\Router\Router.php(175): CodeIgniter\Router\Router->autoRoute('about')
#1 C:\xampp\htdocs\myproject\system\CodeIgniter.php(726): CodeIgniter\Router\Router->handle('about')
#2 C:\xampp\htdocs\myproject\system\CodeIgniter.php(368): CodeIgniter\CodeIgniter->tryToRouteIt(Object(CodeIgniter\Router\RouteCollection))
#3 C:\xampp\htdocs\myproject\system\CodeIgniter.php(326): CodeIgniter\CodeIgniter->handleRequest(NULL, Object(Config\Cache), false)
#4 C:\xampp\htdocs\myproject\public\index.php(37): CodeIgniter\CodeIgniter->run()
#5 C:\xampp\htdocs\myproject\system\Commands\Server\rewrite.php(43): require_once('C:\\xampp\\htdocs...')
#6 {main}
CRITICAL - 2022-06-07 21:56:59 --> syntax error, unexpected token "/", expecting "," or ";"
#0 C:\xampp\htdocs\myproject\system\Router\Router.php(175): CodeIgniter\Router\Router->autoRoute('about')
#1 C:\xampp\htdocs\myproject\system\CodeIgniter.php(726): CodeIgniter\Router\Router->handle('about')
#2 C:\xampp\htdocs\myproject\system\CodeIgniter.php(368): CodeIgniter\CodeIgniter->tryToRouteIt(Object(CodeIgniter\Router\RouteCollection))
#3 C:\xampp\htdocs\myproject\system\CodeIgniter.php(326): CodeIgniter\CodeIgniter->handleRequest(NULL, Object(Config\Cache), false)
#4 C:\xampp\htdocs\myproject\public\index.php(37): CodeIgniter\CodeIgniter->run()
#5 C:\xampp\htdocs\myproject\system\Commands\Server\rewrite.php(43): require_once('C:\\xampp\\htdocs...')
#6 {main}
CRITICAL - 2022-06-07 21:57:00 --> syntax error, unexpected token "/", expecting "," or ";"
#0 C:\xampp\htdocs\myproject\system\Router\Router.php(175): CodeIgniter\Router\Router->autoRoute('about')
#1 C:\xampp\htdocs\myproject\system\CodeIgniter.php(726): CodeIgniter\Router\Router->handle('about')
#2 C:\xampp\htdocs\myproject\system\CodeIgniter.php(368): CodeIgniter\CodeIgniter->tryToRouteIt(Object(CodeIgniter\Router\RouteCollection))
#3 C:\xampp\htdocs\myproject\system\CodeIgniter.php(326): CodeIgniter\CodeIgniter->handleRequest(NULL, Object(Config\Cache), false)
#4 C:\xampp\htdocs\myproject\public\index.php(37): CodeIgniter\CodeIgniter->run()
#5 C:\xampp\htdocs\myproject\system\Commands\Server\rewrite.php(43): require_once('C:\\xampp\\htdocs...')
#6 {main}
CRITICAL - 2022-06-07 21:57:00 --> syntax error, unexpected token "/", expecting "," or ";"
#0 C:\xampp\htdocs\myproject\system\Router\Router.php(175): CodeIgniter\Router\Router->autoRoute('about')
#1 C:\xampp\htdocs\myproject\system\CodeIgniter.php(726): CodeIgniter\Router\Router->handle('about')
#2 C:\xampp\htdocs\myproject\system\CodeIgniter.php(368): CodeIgniter\CodeIgniter->tryToRouteIt(Object(CodeIgniter\Router\RouteCollection))
#3 C:\xampp\htdocs\myproject\system\CodeIgniter.php(326): CodeIgniter\CodeIgniter->handleRequest(NULL, Object(Config\Cache), false)
#4 C:\xampp\htdocs\myproject\public\index.php(37): CodeIgniter\CodeIgniter->run()
#5 C:\xampp\htdocs\myproject\system\Commands\Server\rewrite.php(43): require_once('C:\\xampp\\htdocs...')
#6 {main}
CRITICAL - 2022-06-07 21:57:00 --> syntax error, unexpected token "/", expecting "," or ";"
#0 C:\xampp\htdocs\myproject\system\Router\Router.php(175): CodeIgniter\Router\Router->autoRoute('about')
#1 C:\xampp\htdocs\myproject\system\CodeIgniter.php(726): CodeIgniter\Router\Router->handle('about')
#2 C:\xampp\htdocs\myproject\system\CodeIgniter.php(368): CodeIgniter\CodeIgniter->tryToRouteIt(Object(CodeIgniter\Router\RouteCollection))
#3 C:\xampp\htdocs\myproject\system\CodeIgniter.php(326): CodeIgniter\CodeIgniter->handleRequest(NULL, Object(Config\Cache), false)
#4 C:\xampp\htdocs\myproject\public\index.php(37): CodeIgniter\CodeIgniter->run()
#5 C:\xampp\htdocs\myproject\system\Commands\Server\rewrite.php(43): require_once('C:\\xampp\\htdocs...')
#6 {main}
CRITICAL - 2022-06-07 21:58:24 --> syntax error, unexpected token "/", expecting "," or ";"
#0 C:\xampp\htdocs\myproject\system\Router\Router.php(175): CodeIgniter\Router\Router->autoRoute('about')
#1 C:\xampp\htdocs\myproject\system\CodeIgniter.php(726): CodeIgniter\Router\Router->handle('about')
#2 C:\xampp\htdocs\myproject\system\CodeIgniter.php(368): CodeIgniter\CodeIgniter->tryToRouteIt(Object(CodeIgniter\Router\RouteCollection))
#3 C:\xampp\htdocs\myproject\system\CodeIgniter.php(326): CodeIgniter\CodeIgniter->handleRequest(NULL, Object(Config\Cache), false)
#4 C:\xampp\htdocs\myproject\public\index.php(37): CodeIgniter\CodeIgniter->run()
#5 C:\xampp\htdocs\myproject\system\Commands\Server\rewrite.php(43): require_once('C:\\xampp\\htdocs...')
#6 {main}
CRITICAL - 2022-06-07 21:58:25 --> syntax error, unexpected token "/", expecting "," or ";"
#0 C:\xampp\htdocs\myproject\system\Router\Router.php(175): CodeIgniter\Router\Router->autoRoute('about')
#1 C:\xampp\htdocs\myproject\system\CodeIgniter.php(726): CodeIgniter\Router\Router->handle('about')
#2 C:\xampp\htdocs\myproject\system\CodeIgniter.php(368): CodeIgniter\CodeIgniter->tryToRouteIt(Object(CodeIgniter\Router\RouteCollection))
#3 C:\xampp\htdocs\myproject\system\CodeIgniter.php(326): CodeIgniter\CodeIgniter->handleRequest(NULL, Object(Config\Cache), false)
#4 C:\xampp\htdocs\myproject\public\index.php(37): CodeIgniter\CodeIgniter->run()
#5 C:\xampp\htdocs\myproject\system\Commands\Server\rewrite.php(43): require_once('C:\\xampp\\htdocs...')
#6 {main}
CRITICAL - 2022-06-07 21:58:25 --> syntax error, unexpected token "/", expecting "," or ";"
#0 C:\xampp\htdocs\myproject\system\Router\Router.php(175): CodeIgniter\Router\Router->autoRoute('about')
#1 C:\xampp\htdocs\myproject\system\CodeIgniter.php(726): CodeIgniter\Router\Router->handle('about')
#2 C:\xampp\htdocs\myproject\system\CodeIgniter.php(368): CodeIgniter\CodeIgniter->tryToRouteIt(Object(CodeIgniter\Router\RouteCollection))
#3 C:\xampp\htdocs\myproject\system\CodeIgniter.php(326): CodeIgniter\CodeIgniter->handleRequest(NULL, Object(Config\Cache), false)
#4 C:\xampp\htdocs\myproject\public\index.php(37): CodeIgniter\CodeIgniter->run()
#5 C:\xampp\htdocs\myproject\system\Commands\Server\rewrite.php(43): require_once('C:\\xampp\\htdocs...')
#6 {main}
CRITICAL - 2022-06-07 22:00:43 --> syntax error, unexpected token "/", expecting "," or ";"
#0 C:\xampp\htdocs\myproject\system\Router\Router.php(175): CodeIgniter\Router\Router->autoRoute('about')
#1 C:\xampp\htdocs\myproject\system\CodeIgniter.php(726): CodeIgniter\Router\Router->handle('about')
#2 C:\xampp\htdocs\myproject\system\CodeIgniter.php(368): CodeIgniter\CodeIgniter->tryToRouteIt(Object(CodeIgniter\Router\RouteCollection))
#3 C:\xampp\htdocs\myproject\system\CodeIgniter.php(326): CodeIgniter\CodeIgniter->handleRequest(NULL, Object(Config\Cache), false)
#4 C:\xampp\htdocs\myproject\public\index.php(37): CodeIgniter\CodeIgniter->run()
#5 C:\xampp\htdocs\myproject\system\Commands\Server\rewrite.php(43): require_once('C:\\xampp\\htdocs...')
#6 {main}
CRITICAL - 2022-06-07 22:18:28 --> syntax error, unexpected token "/", expecting "," or ";"
#0 C:\xampp\htdocs\myproject\system\Router\Router.php(175): CodeIgniter\Router\Router->autoRoute('about')
#1 C:\xampp\htdocs\myproject\system\CodeIgniter.php(726): CodeIgniter\Router\Router->handle('about')
#2 C:\xampp\htdocs\myproject\system\CodeIgniter.php(368): CodeIgniter\CodeIgniter->tryToRouteIt(Object(CodeIgniter\Router\RouteCollection))
#3 C:\xampp\htdocs\myproject\system\CodeIgniter.php(326): CodeIgniter\CodeIgniter->handleRequest(NULL, Object(Config\Cache), false)
#4 C:\xampp\htdocs\myproject\public\index.php(37): CodeIgniter\CodeIgniter->run()
#5 C:\xampp\htdocs\myproject\system\Commands\Server\rewrite.php(43): require_once('C:\\xampp\\htdocs...')
#6 {main}
CRITICAL - 2022-06-07 22:18:48 --> syntax error, unexpected token "/", expecting "," or ";"
#0 C:\xampp\htdocs\myproject\system\Router\Router.php(175): CodeIgniter\Router\Router->autoRoute('about')
#1 C:\xampp\htdocs\myproject\system\CodeIgniter.php(726): CodeIgniter\Router\Router->handle('about')
#2 C:\xampp\htdocs\myproject\system\CodeIgniter.php(368): CodeIgniter\CodeIgniter->tryToRouteIt(Object(CodeIgniter\Router\RouteCollection))
#3 C:\xampp\htdocs\myproject\system\CodeIgniter.php(326): CodeIgniter\CodeIgniter->handleRequest(NULL, Object(Config\Cache), false)
#4 C:\xampp\htdocs\myproject\public\index.php(37): CodeIgniter\CodeIgniter->run()
#5 C:\xampp\htdocs\myproject\system\Commands\Server\rewrite.php(43): require_once('C:\\xampp\\htdocs...')
#6 {main}
CRITICAL - 2022-06-07 22:18:48 --> syntax error, unexpected token "/", expecting "," or ";"
#0 C:\xampp\htdocs\myproject\system\Router\Router.php(175): CodeIgniter\Router\Router->autoRoute('about')
#1 C:\xampp\htdocs\myproject\system\CodeIgniter.php(726): CodeIgniter\Router\Router->handle('about')
#2 C:\xampp\htdocs\myproject\system\CodeIgniter.php(368): CodeIgniter\CodeIgniter->tryToRouteIt(Object(CodeIgniter\Router\RouteCollection))
#3 C:\xampp\htdocs\myproject\system\CodeIgniter.php(326): CodeIgniter\CodeIgniter->handleRequest(NULL, Object(Config\Cache), false)
#4 C:\xampp\htdocs\myproject\public\index.php(37): CodeIgniter\CodeIgniter->run()
#5 C:\xampp\htdocs\myproject\system\Commands\Server\rewrite.php(43): require_once('C:\\xampp\\htdocs...')
#6 {main}
CRITICAL - 2022-06-07 22:18:48 --> syntax error, unexpected token "/", expecting "," or ";"
#0 C:\xampp\htdocs\myproject\system\Router\Router.php(175): CodeIgniter\Router\Router->autoRoute('about')
#1 C:\xampp\htdocs\myproject\system\CodeIgniter.php(726): CodeIgniter\Router\Router->handle('about')
#2 C:\xampp\htdocs\myproject\system\CodeIgniter.php(368): CodeIgniter\CodeIgniter->tryToRouteIt(Object(CodeIgniter\Router\RouteCollection))
#3 C:\xampp\htdocs\myproject\system\CodeIgniter.php(326): CodeIgniter\CodeIgniter->handleRequest(NULL, Object(Config\Cache), false)
#4 C:\xampp\htdocs\myproject\public\index.php(37): CodeIgniter\CodeIgniter->run()
#5 C:\xampp\htdocs\myproject\system\Commands\Server\rewrite.php(43): require_once('C:\\xampp\\htdocs...')
#6 {main}
CRITICAL - 2022-06-07 22:27:24 --> syntax error, unexpected token "/", expecting "," or ";"
#0 C:\xampp\htdocs\myproject\system\Router\Router.php(175): CodeIgniter\Router\Router->autoRoute('about')
#1 C:\xampp\htdocs\myproject\system\CodeIgniter.php(726): CodeIgniter\Router\Router->handle('about')
#2 C:\xampp\htdocs\myproject\system\CodeIgniter.php(368): CodeIgniter\CodeIgniter->tryToRouteIt(Object(CodeIgniter\Router\RouteCollection))
#3 C:\xampp\htdocs\myproject\system\CodeIgniter.php(326): CodeIgniter\CodeIgniter->handleRequest(NULL, Object(Config\Cache), false)
#4 C:\xampp\htdocs\myproject\public\index.php(37): CodeIgniter\CodeIgniter->run()
#5 C:\xampp\htdocs\myproject\system\Commands\Server\rewrite.php(43): require_once('C:\\xampp\\htdocs...')
#6 {main}
CRITICAL - 2022-06-07 22:27:25 --> syntax error, unexpected token "/", expecting "," or ";"
#0 C:\xampp\htdocs\myproject\system\Router\Router.php(175): CodeIgniter\Router\Router->autoRoute('about')
#1 C:\xampp\htdocs\myproject\system\CodeIgniter.php(726): CodeIgniter\Router\Router->handle('about')
#2 C:\xampp\htdocs\myproject\system\CodeIgniter.php(368): CodeIgniter\CodeIgniter->tryToRouteIt(Object(CodeIgniter\Router\RouteCollection))
#3 C:\xampp\htdocs\myproject\system\CodeIgniter.php(326): CodeIgniter\CodeIgniter->handleRequest(NULL, Object(Config\Cache), false)
#4 C:\xampp\htdocs\myproject\public\index.php(37): CodeIgniter\CodeIgniter->run()
#5 C:\xampp\htdocs\myproject\system\Commands\Server\rewrite.php(43): require_once('C:\\xampp\\htdocs...')
#6 {main}
CRITICAL - 2022-06-07 22:27:25 --> syntax error, unexpected token "/", expecting "," or ";"
#0 C:\xampp\htdocs\myproject\system\Router\Router.php(175): CodeIgniter\Router\Router->autoRoute('about')
#1 C:\xampp\htdocs\myproject\system\CodeIgniter.php(726): CodeIgniter\Router\Router->handle('about')
#2 C:\xampp\htdocs\myproject\system\CodeIgniter.php(368): CodeIgniter\CodeIgniter->tryToRouteIt(Object(CodeIgniter\Router\RouteCollection))
#3 C:\xampp\htdocs\myproject\system\CodeIgniter.php(326): CodeIgniter\CodeIgniter->handleRequest(NULL, Object(Config\Cache), false)
#4 C:\xampp\htdocs\myproject\public\index.php(37): CodeIgniter\CodeIgniter->run()
#5 C:\xampp\htdocs\myproject\system\Commands\Server\rewrite.php(43): require_once('C:\\xampp\\htdocs...')
#6 {main}
CRITICAL - 2022-06-07 22:34:26 --> syntax error, unexpected token ";", expecting "]"
#0 C:\xampp\htdocs\myproject\system\Autoloader\Autoloader.php(241): CodeIgniter\Autoloader\Autoloader->includeFile('C:\\xampp\\htdocs...')
#1 C:\xampp\htdocs\myproject\system\Autoloader\Autoloader.php(219): CodeIgniter\Autoloader\Autoloader->loadInNamespace('App\\Models\\Data...')
#2 C:\xampp\htdocs\myproject\app\Controllers\About.php(9): CodeIgniter\Autoloader\Autoloader->loadClass('App\\Models\\Data...')
#3 C:\xampp\htdocs\myproject\system\CodeIgniter.php(809): App\Controllers\About->__construct()
#4 C:\xampp\htdocs\myproject\system\CodeIgniter.php(410): CodeIgniter\CodeIgniter->createController()
#5 C:\xampp\htdocs\myproject\system\CodeIgniter.php(326): CodeIgniter\CodeIgniter->handleRequest(NULL, Object(Config\Cache), false)
#6 C:\xampp\htdocs\myproject\public\index.php(37): CodeIgniter\CodeIgniter->run()
#7 C:\xampp\htdocs\myproject\system\Commands\Server\rewrite.php(43): require_once('C:\\xampp\\htdocs...')
#8 {main}
CRITICAL - 2022-06-07 22:34:28 --> syntax error, unexpected token ";", expecting "]"
#0 C:\xampp\htdocs\myproject\system\Autoloader\Autoloader.php(241): CodeIgniter\Autoloader\Autoloader->includeFile('C:\\xampp\\htdocs...')
#1 C:\xampp\htdocs\myproject\system\Autoloader\Autoloader.php(219): CodeIgniter\Autoloader\Autoloader->loadInNamespace('App\\Models\\Data...')
#2 C:\xampp\htdocs\myproject\app\Controllers\About.php(9): CodeIgniter\Autoloader\Autoloader->loadClass('App\\Models\\Data...')
#3 C:\xampp\htdocs\myproject\system\CodeIgniter.php(809): App\Controllers\About->__construct()
#4 C:\xampp\htdocs\myproject\system\CodeIgniter.php(410): CodeIgniter\CodeIgniter->createController()
#5 C:\xampp\htdocs\myproject\system\CodeIgniter.php(326): CodeIgniter\CodeIgniter->handleRequest(NULL, Object(Config\Cache), false)
#6 C:\xampp\htdocs\myproject\public\index.php(37): CodeIgniter\CodeIgniter->run()
#7 C:\xampp\htdocs\myproject\system\Commands\Server\rewrite.php(43): require_once('C:\\xampp\\htdocs...')
#8 {main}
CRITICAL - 2022-06-07 22:34:29 --> syntax error, unexpected token ";", expecting "]"
#0 C:\xampp\htdocs\myproject\system\Autoloader\Autoloader.php(241): CodeIgniter\Autoloader\Autoloader->includeFile('C:\\xampp\\htdocs...')
#1 C:\xampp\htdocs\myproject\system\Autoloader\Autoloader.php(219): CodeIgniter\Autoloader\Autoloader->loadInNamespace('App\\Models\\Data...')
#2 C:\xampp\htdocs\myproject\app\Controllers\About.php(9): CodeIgniter\Autoloader\Autoloader->loadClass('App\\Models\\Data...')
#3 C:\xampp\htdocs\myproject\system\CodeIgniter.php(809): App\Controllers\About->__construct()
#4 C:\xampp\htdocs\myproject\system\CodeIgniter.php(410): CodeIgniter\CodeIgniter->createController()
#5 C:\xampp\htdocs\myproject\system\CodeIgniter.php(326): CodeIgniter\CodeIgniter->handleRequest(NULL, Object(Config\Cache), false)
#6 C:\xampp\htdocs\myproject\public\index.php(37): CodeIgniter\CodeIgniter->run()
#7 C:\xampp\htdocs\myproject\system\Commands\Server\rewrite.php(43): require_once('C:\\xampp\\htdocs...')
#8 {main}
CRITICAL - 2022-06-07 22:39:05 --> Undefined variable $title
#0 C:\xampp\htdocs\myproject\app\Views\CV.php(6): CodeIgniter\Debug\Exceptions->errorHandler(2, 'Undefined varia...', 'C:\\xampp\\htdocs...', 6)
#1 C:\xampp\htdocs\myproject\system\View\View.php(210): include('C:\\xampp\\htdocs...')
#2 C:\xampp\htdocs\myproject\system\View\View.php(213): CodeIgniter\View\View->CodeIgniter\View\{closure}()
#3 C:\xampp\htdocs\myproject\system\Common.php(1089): CodeIgniter\View\View->render('CV', Array, true)
#4 C:\xampp\htdocs\myproject\app\Controllers\About.php(14): view('CV', Array)
#5 C:\xampp\htdocs\myproject\system\CodeIgniter.php(832): App\Controllers\About->index()
#6 C:\xampp\htdocs\myproject\system\CodeIgniter.php(419): CodeIgniter\CodeIgniter->runController(Object(App\Controllers\About))
#7 C:\xampp\htdocs\myproject\system\CodeIgniter.php(326): CodeIgniter\CodeIgniter->handleRequest(NULL, Object(Config\Cache), false)
#8 C:\xampp\htdocs\myproject\public\index.php(37): CodeIgniter\CodeIgniter->run()
#9 C:\xampp\htdocs\myproject\system\Commands\Server\rewrite.php(43): require_once('C:\\xampp\\htdocs...')
#10 {main}
CRITICAL - 2022-06-07 22:40:03 --> Undefined variable $title
#0 C:\xampp\htdocs\myproject\app\Views\CV.php(6): CodeIgniter\Debug\Exceptions->errorHandler(2, 'Undefined varia...', 'C:\\xampp\\htdocs...', 6)
#1 C:\xampp\htdocs\myproject\system\View\View.php(210): include('C:\\xampp\\htdocs...')
#2 C:\xampp\htdocs\myproject\system\View\View.php(213): CodeIgniter\View\View->CodeIgniter\View\{closure}()
#3 C:\xampp\htdocs\myproject\system\Common.php(1089): CodeIgniter\View\View->render('CV', Array, true)
#4 C:\xampp\htdocs\myproject\app\Controllers\About.php(14): view('CV', Array)
#5 C:\xampp\htdocs\myproject\system\CodeIgniter.php(832): App\Controllers\About->index()
#6 C:\xampp\htdocs\myproject\system\CodeIgniter.php(419): CodeIgniter\CodeIgniter->runController(Object(App\Controllers\About))
#7 C:\xampp\htdocs\myproject\system\CodeIgniter.php(326): CodeIgniter\CodeIgniter->handleRequest(NULL, Object(Config\Cache), false)
#8 C:\xampp\htdocs\myproject\public\index.php(37): CodeIgniter\CodeIgniter->run()
#9 C:\xampp\htdocs\myproject\system\Commands\Server\rewrite.php(43): require_once('C:\\xampp\\htdocs...')
#10 {main}
CRITICAL - 2022-06-07 22:40:03 --> Undefined variable $title
#0 C:\xampp\htdocs\myproject\app\Views\CV.php(6): CodeIgniter\Debug\Exceptions->errorHandler(2, 'Undefined varia...', 'C:\\xampp\\htdocs...', 6)
#1 C:\xampp\htdocs\myproject\system\View\View.php(210): include('C:\\xampp\\htdocs...')
#2 C:\xampp\htdocs\myproject\system\View\View.php(213): CodeIgniter\View\View->CodeIgniter\View\{closure}()
#3 C:\xampp\htdocs\myproject\system\Common.php(1089): CodeIgniter\View\View->render('CV', Array, true)
#4 C:\xampp\htdocs\myproject\app\Controllers\About.php(14): view('CV', Array)
#5 C:\xampp\htdocs\myproject\system\CodeIgniter.php(832): App\Controllers\About->index()
#6 C:\xampp\htdocs\myproject\system\CodeIgniter.php(419): CodeIgniter\CodeIgniter->runController(Object(App\Controllers\About))
#7 C:\xampp\htdocs\myproject\system\CodeIgniter.php(326): CodeIgniter\CodeIgniter->handleRequest(NULL, Object(Config\Cache), false)
#8 C:\xampp\htdocs\myproject\public\index.php(37): CodeIgniter\CodeIgniter->run()
#9 C:\xampp\htdocs\myproject\system\Commands\Server\rewrite.php(43): require_once('C:\\xampp\\htdocs...')
#10 {main}
CRITICAL - 2022-06-07 22:41:12 --> Undefined variable $title
#0 C:\xampp\htdocs\myproject\app\Views\CV.php(6): CodeIgniter\Debug\Exceptions->errorHandler(2, 'Undefined varia...', 'C:\\xampp\\htdocs...', 6)
#1 C:\xampp\htdocs\myproject\system\View\View.php(210): include('C:\\xampp\\htdocs...')
#2 C:\xampp\htdocs\myproject\system\View\View.php(213): CodeIgniter\View\View->CodeIgniter\View\{closure}()
#3 C:\xampp\htdocs\myproject\system\Common.php(1089): CodeIgniter\View\View->render('CV', Array, true)
#4 C:\xampp\htdocs\myproject\app\Controllers\About.php(14): view('CV', Array)
#5 C:\xampp\htdocs\myproject\system\CodeIgniter.php(832): App\Controllers\About->index()
#6 C:\xampp\htdocs\myproject\system\CodeIgniter.php(419): CodeIgniter\CodeIgniter->runController(Object(App\Controllers\About))
#7 C:\xampp\htdocs\myproject\system\CodeIgniter.php(326): CodeIgniter\CodeIgniter->handleRequest(NULL, Object(Config\Cache), false)
#8 C:\xampp\htdocs\myproject\public\index.php(37): CodeIgniter\CodeIgniter->run()
#9 C:\xampp\htdocs\myproject\system\Commands\Server\rewrite.php(43): require_once('C:\\xampp\\htdocs...')
#10 {main}
