CRITICAL - 2022-06-14 22:53:23 --> Invalid file: login/login.php
#0 C:\xampp\htdocs\myproject\system\View\View.php(198): CodeIgniter\Exceptions\FrameworkException::forInvalidFile('login/login.php')
#1 C:\xampp\htdocs\myproject\system\Common.php(1089): CodeIgniter\View\View->render('login/login', Array, true)
#2 C:\xampp\htdocs\myproject\app\Controllers\auth.php(10): view('login/login')
#3 C:\xampp\htdocs\myproject\system\CodeIgniter.php(832): App\Controllers\auth->index()
#4 C:\xampp\htdocs\myproject\system\CodeIgniter.php(419): CodeIgniter\CodeIgniter->runController(Object(App\Controllers\auth))
#5 C:\xampp\htdocs\myproject\system\CodeIgniter.php(326): CodeIgniter\CodeIgniter->handleRequest(NULL, Object(Config\Cache), false)
#6 C:\xampp\htdocs\myproject\public\index.php(37): CodeIgniter\CodeIgniter->run()
#7 C:\xampp\htdocs\myproject\system\Commands\Server\rewrite.php(43): require_once('C:\\xampp\\htdocs...')
#8 {main}
CRITICAL - 2022-06-14 22:53:44 --> Call to undefined function set_value()
#0 C:\xampp\htdocs\myproject\system\View\View.php(210): include()
#1 C:\xampp\htdocs\myproject\system\View\View.php(213): CodeIgniter\View\View->CodeIgniter\View\{closure}()
#2 C:\xampp\htdocs\myproject\system\Common.php(1089): CodeIgniter\View\View->render('login/index', Array, true)
#3 C:\xampp\htdocs\myproject\app\Controllers\auth.php(10): view('login/index')
#4 C:\xampp\htdocs\myproject\system\CodeIgniter.php(832): App\Controllers\auth->index()
#5 C:\xampp\htdocs\myproject\system\CodeIgniter.php(419): CodeIgniter\CodeIgniter->runController(Object(App\Controllers\auth))
#6 C:\xampp\htdocs\myproject\system\CodeIgniter.php(326): CodeIgniter\CodeIgniter->handleRequest(NULL, Object(Config\Cache), false)
#7 C:\xampp\htdocs\myproject\public\index.php(37): CodeIgniter\CodeIgniter->run()
#8 C:\xampp\htdocs\myproject\system\Commands\Server\rewrite.php(43): require_once('C:\\xampp\\htdocs...')
#9 {main}
CRITICAL - 2022-06-14 22:55:20 --> Call to undefined function set_value()
#0 C:\xampp\htdocs\myproject\system\View\View.php(210): include()
#1 C:\xampp\htdocs\myproject\system\View\View.php(213): CodeIgniter\View\View->CodeIgniter\View\{closure}()
#2 C:\xampp\htdocs\myproject\system\Common.php(1089): CodeIgniter\View\View->render('login/index', Array, true)
#3 C:\xampp\htdocs\myproject\app\Controllers\auth.php(10): view('login/index')
#4 C:\xampp\htdocs\myproject\system\CodeIgniter.php(832): App\Controllers\auth->index()
#5 C:\xampp\htdocs\myproject\system\CodeIgniter.php(419): CodeIgniter\CodeIgniter->runController(Object(App\Controllers\auth))
#6 C:\xampp\htdocs\myproject\system\CodeIgniter.php(326): CodeIgniter\CodeIgniter->handleRequest(NULL, Object(Config\Cache), false)
#7 C:\xampp\htdocs\myproject\public\index.php(37): CodeIgniter\CodeIgniter->run()
#8 C:\xampp\htdocs\myproject\system\Commands\Server\rewrite.php(43): require_once('C:\\xampp\\htdocs...')
#9 {main}
CRITICAL - 2022-06-14 22:55:21 --> Call to undefined function set_value()
#0 C:\xampp\htdocs\myproject\system\View\View.php(210): include()
#1 C:\xampp\htdocs\myproject\system\View\View.php(213): CodeIgniter\View\View->CodeIgniter\View\{closure}()
#2 C:\xampp\htdocs\myproject\system\Common.php(1089): CodeIgniter\View\View->render('login/index', Array, true)
#3 C:\xampp\htdocs\myproject\app\Controllers\auth.php(10): view('login/index')
#4 C:\xampp\htdocs\myproject\system\CodeIgniter.php(832): App\Controllers\auth->index()
#5 C:\xampp\htdocs\myproject\system\CodeIgniter.php(419): CodeIgniter\CodeIgniter->runController(Object(App\Controllers\auth))
#6 C:\xampp\htdocs\myproject\system\CodeIgniter.php(326): CodeIgniter\CodeIgniter->handleRequest(NULL, Object(Config\Cache), false)
#7 C:\xampp\htdocs\myproject\public\index.php(37): CodeIgniter\CodeIgniter->run()
#8 C:\xampp\htdocs\myproject\system\Commands\Server\rewrite.php(43): require_once('C:\\xampp\\htdocs...')
#9 {main}
